{"C:\\gft\\fullstack\\bloglistfrontend\\src\\components\\BlogDetails.jsx": {"path":"C:\\gft\\fullstack\\bloglistfrontend\\src\\components\\BlogDetails.jsx","all":false,"statementMap":{"0":{"start":{"line":1,"column":0},"end":{"line":1,"column":32}},"1":{"start":{"line":2,"column":0},"end":{"line":2,"column":34}},"3":{"start":{"line":4,"column":0},"end":{"line":4,"column":62}},"4":{"start":{"line":5,"column":0},"end":{"line":5,"column":55}},"5":{"start":{"line":6,"column":0},"end":{"line":6,"column":31}},"6":{"start":{"line":7,"column":0},"end":{"line":7,"column":32}},"7":{"start":{"line":8,"column":0},"end":{"line":8,"column":3}},"9":{"start":{"line":10,"column":0},"end":{"line":10,"column":21}},"10":{"start":{"line":11,"column":0},"end":{"line":11,"column":19}},"11":{"start":{"line":12,"column":0},"end":{"line":12,"column":19}},"12":{"start":{"line":13,"column":0},"end":{"line":13,"column":20}},"13":{"start":{"line":14,"column":0},"end":{"line":14,"column":19}},"14":{"start":{"line":15,"column":0},"end":{"line":15,"column":19}},"15":{"start":{"line":16,"column":0},"end":{"line":16,"column":3}},"17":{"start":{"line":18,"column":0},"end":{"line":18,"column":10}},"18":{"start":{"line":19,"column":0},"end":{"line":19,"column":27}},"19":{"start":{"line":20,"column":0},"end":{"line":20,"column":21}},"21":{"start":{"line":22,"column":0},"end":{"line":22,"column":70}},"22":{"start":{"line":23,"column":0},"end":{"line":23,"column":41}},"23":{"start":{"line":24,"column":0},"end":{"line":24,"column":17}},"24":{"start":{"line":25,"column":0},"end":{"line":25,"column":10}},"25":{"start":{"line":26,"column":0},"end":{"line":26,"column":21}},"26":{"start":{"line":27,"column":0},"end":{"line":27,"column":18}},"27":{"start":{"line":28,"column":0},"end":{"line":28,"column":31}},"28":{"start":{"line":29,"column":0},"end":{"line":29,"column":96}},"29":{"start":{"line":30,"column":0},"end":{"line":30,"column":34}},"30":{"start":{"line":31,"column":0},"end":{"line":31,"column":113}},"31":{"start":{"line":32,"column":0},"end":{"line":32,"column":18}},"33":{"start":{"line":34,"column":0},"end":{"line":34,"column":10}},"35":{"start":{"line":36,"column":0},"end":{"line":36,"column":1}},"37":{"start":{"line":38,"column":0},"end":{"line":38,"column":25}},"38":{"start":{"line":39,"column":0},"end":{"line":39,"column":25}},"39":{"start":{"line":40,"column":0},"end":{"line":40,"column":39}},"40":{"start":{"line":41,"column":0},"end":{"line":41,"column":37}},"41":{"start":{"line":42,"column":0},"end":{"line":42,"column":39}},"42":{"start":{"line":43,"column":0},"end":{"line":43,"column":40}},"43":{"start":{"line":44,"column":0},"end":{"line":44,"column":36}},"44":{"start":{"line":45,"column":0},"end":{"line":45,"column":16}},"45":{"start":{"line":46,"column":0},"end":{"line":46,"column":41}},"46":{"start":{"line":47,"column":0},"end":{"line":47,"column":42}},"47":{"start":{"line":48,"column":0},"end":{"line":48,"column":1}},"49":{"start":{"line":50,"column":0},"end":{"line":50,"column":26}}},"s":{"0":1,"1":1,"3":1,"4":2,"5":2,"6":0,"7":0,"9":2,"10":2,"11":2,"12":2,"13":2,"14":2,"15":2,"17":2,"18":2,"19":2,"21":2,"22":2,"23":2,"24":2,"25":2,"26":0,"27":0,"28":0,"29":0,"30":0,"31":0,"33":2,"35":2,"37":1,"38":1,"39":1,"40":1,"41":1,"42":1,"43":1,"44":1,"45":1,"46":1,"47":1,"49":1},"branchMap":{"0":{"type":"branch","line":4,"loc":{"start":{"line":4,"column":20},"end":{"line":36,"column":1}},"locations":[{"start":{"line":4,"column":20},"end":{"line":36,"column":1}}]},"1":{"type":"branch","line":23,"loc":{"start":{"line":23,"column":11},"end":{"line":23,"column":34}},"locations":[{"start":{"line":23,"column":11},"end":{"line":23,"column":34}}]},"2":{"type":"branch","line":26,"loc":{"start":{"line":26,"column":7},"end":{"line":32,"column":18}},"locations":[{"start":{"line":26,"column":7},"end":{"line":32,"column":18}}]}},"b":{"0":[2],"1":[0],"2":[0]},"fnMap":{"0":{"name":"BlogDetails","decl":{"start":{"line":4,"column":20},"end":{"line":36,"column":1}},"loc":{"start":{"line":4,"column":20},"end":{"line":36,"column":1}},"line":4},"1":{"name":"toggleDetails","decl":{"start":{"line":6,"column":24},"end":{"line":8,"column":3}},"loc":{"start":{"line":6,"column":24},"end":{"line":8,"column":3}},"line":6},"2":{"name":"onClick","decl":{"start":{"line":29,"column":53},"end":{"line":29,"column":78}},"loc":{"start":{"line":29,"column":53},"end":{"line":29,"column":78}},"line":29},"3":{"name":"onClick","decl":{"start":{"line":31,"column":71},"end":{"line":31,"column":98}},"loc":{"start":{"line":31,"column":71},"end":{"line":31,"column":98}},"line":31}},"f":{"0":2,"1":0,"2":0,"3":0}}
}
